<14/01/2014 07:42:05 a.m.--#> Inicia aplicacion <#--14/01/2014 07:42:05 a.m.>

<14/01/2014 07:46:58 a.m.--#> Error: System.FormatException: La cadena de entrada no tiene el formato correcto.
   en System.Number.ParseDouble(String value, NumberStyles options, NumberFormatInfo numfmt)
   en System.Double.Parse(String s, NumberStyles style, IFormatProvider provider)
   en Comparendos.servicios.generales.fGestionComparendo.btnGuardar_Click(Object sender, EventArgs e) en D:\Desarrollo\Repositorio\ServiciosIntegrales\Comparendos\Comparendos\servicios\generales\fGestionComparendo.cs:línea 1319 -||- Ubicacion error:Comparendos.servicios.generales.fGestionComparendo <#--14/01/2014 07:46:58 a.m.>

<14/01/2014 07:46:59 a.m.--#> Error: System.NullReferenceException: Referencia a objeto no establecida como instancia de un objeto.
   en Comparendos.servicios.generales.fGestionComparendo.guardarTestigoComp(Int32 id) en D:\Desarrollo\Repositorio\ServiciosIntegrales\Comparendos\Comparendos\servicios\generales\fGestionComparendo.cs:línea 1636 -||- Ubicacion error:Comparendos.servicios.generales.fGestionComparendo <#--14/01/2014 07:46:59 a.m.>

<14/01/2014 07:47:15 a.m.--#> Error: System.ArgumentOutOfRangeException: InvalidArgument=El valor de '0' no es válido para 'SelectedIndex'.
Nombre del parámetro: SelectedIndex
   en System.Windows.Forms.ComboBox.set_SelectedIndex(Int32 value)
   en Comparendos.servicios.liquidacion.LiquidacionComparendos.getComparendos() en D:\Desarrollo\Repositorio\ServiciosIntegrales\Comparendos\Comparendos\servicios\liquidacion\LiquidacionComparendos.cs:línea 391
   en Comparendos.servicios.liquidacion.LiquidacionComparendos.AccionBuscar() en D:\Desarrollo\Repositorio\ServiciosIntegrales\Comparendos\Comparendos\servicios\liquidacion\LiquidacionComparendos.cs:línea 323
   en Comparendos.servicios.liquidacion.LiquidacionComparendos.btnBuscar_Click(Object sender, EventArgs e) en D:\Desarrollo\Repositorio\ServiciosIntegrales\Comparendos\Comparendos\servicios\liquidacion\LiquidacionComparendos.cs:línea 308 -||- Ubicacion error:Comparendos.servicios.liquidacion.LiquidacionComparendos <#--14/01/2014 07:47:15 a.m.>

<14/01/2014 07:53:03 a.m.--#> Error: System.FormatException: La cadena de entrada no tiene el formato correcto.
   en System.Number.ParseDouble(String value, NumberStyles options, NumberFormatInfo numfmt)
   en System.Double.Parse(String s, NumberStyles style, IFormatProvider provider)
   en Comparendos.servicios.generales.fGestionComparendo.btnGuardar_Click(Object sender, EventArgs e) en D:\Desarrollo\Repositorio\ServiciosIntegrales\Comparendos\Comparendos\servicios\generales\fGestionComparendo.cs:línea 1319 -||- Ubicacion error:Comparendos.servicios.generales.fGestionComparendo <#--14/01/2014 07:53:03 a.m.>

<14/01/2014 07:53:03 a.m.--#> Error: System.NullReferenceException: Referencia a objeto no establecida como instancia de un objeto.
   en Comparendos.servicios.generales.fGestionComparendo.guardarTestigoComp(Int32 id) en D:\Desarrollo\Repositorio\ServiciosIntegrales\Comparendos\Comparendos\servicios\generales\fGestionComparendo.cs:línea 1636 -||- Ubicacion error:Comparendos.servicios.generales.fGestionComparendo <#--14/01/2014 07:53:03 a.m.>

<14/01/2014 07:54:01 a.m.--#> Error: System.ArgumentOutOfRangeException: InvalidArgument=El valor de '0' no es válido para 'SelectedIndex'.
Nombre del parámetro: SelectedIndex
   en System.Windows.Forms.ComboBox.set_SelectedIndex(Int32 value)
   en Comparendos.servicios.liquidacion.LiquidacionComparendos.getComparendos() en D:\Desarrollo\Repositorio\ServiciosIntegrales\Comparendos\Comparendos\servicios\liquidacion\LiquidacionComparendos.cs:línea 391
   en Comparendos.servicios.liquidacion.LiquidacionComparendos.txtNroIdentificacion_KeyDown(Object sender, KeyEventArgs e) en D:\Desarrollo\Repositorio\ServiciosIntegrales\Comparendos\Comparendos\servicios\liquidacion\LiquidacionComparendos.cs:línea 569 -||- Ubicacion error:Comparendos.servicios.liquidacion.LiquidacionComparendos <#--14/01/2014 07:54:01 a.m.>

<14/01/2014 07:54:09 a.m.--#> Cierre de aplicación <#--14/01/2014 07:54:09 a.m.>

<14/01/2014 08:08:43 a.m.--#> Inicia aplicacion <#--14/01/2014 08:08:43 a.m.>

<14/01/2014 08:32:04 a.m.--#> Inicia aplicacion <#--14/01/2014 08:32:04 a.m.>

<14/01/2014 09:01:54 a.m.--#> Inicia aplicacion <#--14/01/2014 09:01:54 a.m.>

<14/01/2014 09:08:27 a.m.--#> Inicia aplicacion <#--14/01/2014 09:08:27 a.m.>

<14/01/2014 09:33:05 a.m.--#> Inicia aplicacion <#--14/01/2014 09:33:05 a.m.>

<14/01/2014 09:51:09 a.m.--#> Cierre de aplicación <#--14/01/2014 09:51:09 a.m.>

