<20/12/2012 06:07:43 p.m.--#> Inicia aplicacion <#--20/12/2012 06:07:43 p.m.>

<20/12/2012 06:07:52 p.m.--#> Cancelación de ingreso a la aplicación por petición del usuario <#--20/12/2012 06:07:52 p.m.>

<20/12/2012 06:15:29 p.m.--#> Inicia aplicacion <#--20/12/2012 06:15:29 p.m.>

<20/12/2012 06:16:05 p.m.--#> Error: System.InvalidCastException: No se puede convertir un objeto de tipo 'System.String' al tipo 'LibreriasSintrat.ServiciosAccesoriasComp.documentoComp'.
   en Comparendos.servicios.liquidacion.LiquidacionComparendos.getConceptosTarifa(tarifa tar) en D:\Desarrollo\Repositorio\TransitoCsharp\Comparendos\Comparendos\servicios\liquidacion\LiquidacionComparendos.cs:línea 150
   en Comparendos.servicios.liquidacion.LiquidacionComparendos.cmbTarifa_SelectedIndexChanged(Object sender, EventArgs e) en D:\Desarrollo\Repositorio\TransitoCsharp\Comparendos\Comparendos\servicios\liquidacion\LiquidacionComparendos.cs:línea 126 -||- Ubicacion error:Comparendos.servicios.liquidacion.LiquidacionComparendos <#--20/12/2012 06:16:05 p.m.>

<20/12/2012 06:16:12 p.m.--#> Error: System.InvalidCastException: No se puede convertir un objeto de tipo 'System.String' al tipo 'LibreriasSintrat.ServiciosAccesoriasComp.documentoComp'.
   en Comparendos.servicios.liquidacion.LiquidacionComparendos.getConceptosTarifa(tarifa tar) en D:\Desarrollo\Repositorio\TransitoCsharp\Comparendos\Comparendos\servicios\liquidacion\LiquidacionComparendos.cs:línea 150
   en Comparendos.servicios.liquidacion.LiquidacionComparendos.cmbTarifa_SelectedIndexChanged(Object sender, EventArgs e) en D:\Desarrollo\Repositorio\TransitoCsharp\Comparendos\Comparendos\servicios\liquidacion\LiquidacionComparendos.cs:línea 126 -||- Ubicacion error:Comparendos.servicios.liquidacion.LiquidacionComparendos <#--20/12/2012 06:16:12 p.m.>

<20/12/2012 06:16:15 p.m.--#> Error: System.InvalidCastException: No se puede convertir un objeto de tipo 'System.String' al tipo 'LibreriasSintrat.ServiciosAccesoriasComp.documentoComp'.
   en Comparendos.servicios.liquidacion.LiquidacionComparendos.getConceptosTarifa(tarifa tar) en D:\Desarrollo\Repositorio\TransitoCsharp\Comparendos\Comparendos\servicios\liquidacion\LiquidacionComparendos.cs:línea 150
   en Comparendos.servicios.liquidacion.LiquidacionComparendos.cmbTarifa_SelectedIndexChanged(Object sender, EventArgs e) en D:\Desarrollo\Repositorio\TransitoCsharp\Comparendos\Comparendos\servicios\liquidacion\LiquidacionComparendos.cs:línea 126 -||- Ubicacion error:Comparendos.servicios.liquidacion.LiquidacionComparendos <#--20/12/2012 06:16:15 p.m.>

<20/12/2012 06:16:16 p.m.--#> Error: System.InvalidCastException: No se puede convertir un objeto de tipo 'System.String' al tipo 'LibreriasSintrat.ServiciosAccesoriasComp.documentoComp'.
   en Comparendos.servicios.liquidacion.LiquidacionComparendos.getConceptosTarifa(tarifa tar) en D:\Desarrollo\Repositorio\TransitoCsharp\Comparendos\Comparendos\servicios\liquidacion\LiquidacionComparendos.cs:línea 150
   en Comparendos.servicios.liquidacion.LiquidacionComparendos.cmbTarifa_SelectedIndexChanged(Object sender, EventArgs e) en D:\Desarrollo\Repositorio\TransitoCsharp\Comparendos\Comparendos\servicios\liquidacion\LiquidacionComparendos.cs:línea 126 -||- Ubicacion error:Comparendos.servicios.liquidacion.LiquidacionComparendos <#--20/12/2012 06:16:16 p.m.>

<20/12/2012 06:16:18 p.m.--#> Error: System.InvalidCastException: No se puede convertir un objeto de tipo 'System.String' al tipo 'LibreriasSintrat.ServiciosAccesoriasComp.documentoComp'.
   en Comparendos.servicios.liquidacion.LiquidacionComparendos.getConceptosTarifa(tarifa tar) en D:\Desarrollo\Repositorio\TransitoCsharp\Comparendos\Comparendos\servicios\liquidacion\LiquidacionComparendos.cs:línea 150
   en Comparendos.servicios.liquidacion.LiquidacionComparendos.cmbTarifa_SelectedIndexChanged(Object sender, EventArgs e) en D:\Desarrollo\Repositorio\TransitoCsharp\Comparendos\Comparendos\servicios\liquidacion\LiquidacionComparendos.cs:línea 126 -||- Ubicacion error:Comparendos.servicios.liquidacion.LiquidacionComparendos <#--20/12/2012 06:16:18 p.m.>

<20/12/2012 06:16:31 p.m.--#> Error: System.InvalidCastException: No se puede convertir un objeto de tipo 'System.String' al tipo 'LibreriasSintrat.ServiciosAccesoriasComp.documentoComp'.
   en Comparendos.servicios.liquidacion.LiquidacionComparendos.getConceptosTarifa(tarifa tar) en D:\Desarrollo\Repositorio\TransitoCsharp\Comparendos\Comparendos\servicios\liquidacion\LiquidacionComparendos.cs:línea 150
   en Comparendos.servicios.liquidacion.LiquidacionComparendos.cmbTarifa_SelectedIndexChanged(Object sender, EventArgs e) en D:\Desarrollo\Repositorio\TransitoCsharp\Comparendos\Comparendos\servicios\liquidacion\LiquidacionComparendos.cs:línea 126 -||- Ubicacion error:Comparendos.servicios.liquidacion.LiquidacionComparendos <#--20/12/2012 06:16:31 p.m.>

<20/12/2012 06:16:46 p.m.--#> Error: System.InvalidCastException: No se puede convertir un objeto de tipo 'System.String' al tipo 'LibreriasSintrat.ServiciosAccesoriasComp.documentoComp'.
   en Comparendos.servicios.liquidacion.LiquidacionComparendos.getConceptosTarifa(tarifa tar) en D:\Desarrollo\Repositorio\TransitoCsharp\Comparendos\Comparendos\servicios\liquidacion\LiquidacionComparendos.cs:línea 150
   en Comparendos.servicios.liquidacion.LiquidacionComparendos.cmbTarifa_SelectedIndexChanged(Object sender, EventArgs e) en D:\Desarrollo\Repositorio\TransitoCsharp\Comparendos\Comparendos\servicios\liquidacion\LiquidacionComparendos.cs:línea 126 -||- Ubicacion error:Comparendos.servicios.liquidacion.LiquidacionComparendos <#--20/12/2012 06:16:46 p.m.>

<20/12/2012 06:17:47 p.m.--#> Error: System.InvalidCastException: No se puede convertir un objeto de tipo 'System.String' al tipo 'LibreriasSintrat.ServiciosAccesoriasComp.documentoComp'.
   en Comparendos.servicios.liquidacion.LiquidacionComparendos.getConceptosTarifa(tarifa tar) en D:\Desarrollo\Repositorio\TransitoCsharp\Comparendos\Comparendos\servicios\liquidacion\LiquidacionComparendos.cs:línea 150
   en Comparendos.servicios.liquidacion.LiquidacionComparendos.cmbTarifa_SelectedIndexChanged(Object sender, EventArgs e) en D:\Desarrollo\Repositorio\TransitoCsharp\Comparendos\Comparendos\servicios\liquidacion\LiquidacionComparendos.cs:línea 126 -||- Ubicacion error:Comparendos.servicios.liquidacion.LiquidacionComparendos <#--20/12/2012 06:17:47 p.m.>

<20/12/2012 06:17:59 p.m.--#> Error: System.InvalidCastException: No se puede convertir un objeto de tipo 'System.String' al tipo 'LibreriasSintrat.ServiciosAccesoriasComp.documentoComp'.
   en Comparendos.servicios.liquidacion.LiquidacionComparendos.getConceptosTarifa(tarifa tar) en D:\Desarrollo\Repositorio\TransitoCsharp\Comparendos\Comparendos\servicios\liquidacion\LiquidacionComparendos.cs:línea 150
   en Comparendos.servicios.liquidacion.LiquidacionComparendos.cmbTarifa_SelectedIndexChanged(Object sender, EventArgs e) en D:\Desarrollo\Repositorio\TransitoCsharp\Comparendos\Comparendos\servicios\liquidacion\LiquidacionComparendos.cs:línea 126 -||- Ubicacion error:Comparendos.servicios.liquidacion.LiquidacionComparendos <#--20/12/2012 06:17:59 p.m.>

<20/12/2012 06:18:09 p.m.--#> Error: System.InvalidCastException: No se puede convertir un objeto de tipo 'System.String' al tipo 'LibreriasSintrat.ServiciosAccesoriasComp.documentoComp'.
   en Comparendos.servicios.liquidacion.LiquidacionComparendos.getConceptosTarifa(tarifa tar) en D:\Desarrollo\Repositorio\TransitoCsharp\Comparendos\Comparendos\servicios\liquidacion\LiquidacionComparendos.cs:línea 150
   en Comparendos.servicios.liquidacion.LiquidacionComparendos.cmbTarifa_SelectedIndexChanged(Object sender, EventArgs e) en D:\Desarrollo\Repositorio\TransitoCsharp\Comparendos\Comparendos\servicios\liquidacion\LiquidacionComparendos.cs:línea 126 -||- Ubicacion error:Comparendos.servicios.liquidacion.LiquidacionComparendos <#--20/12/2012 06:18:09 p.m.>

<20/12/2012 06:18:19 p.m.--#> Cierre de aplicación <#--20/12/2012 06:18:19 p.m.>

<20/12/2012 06:54:40 p.m.--#> Inicia aplicacion <#--20/12/2012 06:54:40 p.m.>

<20/12/2012 06:54:51 p.m.--#> Cancelación de ingreso a la aplicación por petición del usuario <#--20/12/2012 06:54:51 p.m.>

<20/12/2012 06:55:20 p.m.--#> Inicia aplicacion <#--20/12/2012 06:55:20 p.m.>

<20/12/2012 06:55:48 p.m.--#> Inicia aplicacion <#--20/12/2012 06:55:48 p.m.>

<20/12/2012 07:05:17 p.m.--#> Cierre de aplicación <#--20/12/2012 07:05:17 p.m.>

