<21/01/2013 09:07:40 a.m.--#> Inicia aplicacion <#--21/01/2013 09:07:40 a.m.>

<21/01/2013 09:12:58 a.m.--#> Cierre de aplicación <#--21/01/2013 09:12:58 a.m.>

<21/01/2013 09:15:53 a.m.--#> Inicia aplicacion <#--21/01/2013 09:15:53 a.m.>

<21/01/2013 09:18:27 a.m.--#> Error: System.NullReferenceException: Referencia a objeto no establecida como instancia de un objeto.
   en Comparendos.servicios.generales.fGestionVehiculos.guardarDatos() en D:\Desarrollo\Repositorio\TransitoCsharp\Comparendos\Comparendos\servicios\generales\fGestionVehiculos.cs:línea 103 -||- Ubicacion error:Comparendos.servicios.generales.fGestionVehiculos <#--21/01/2013 09:18:27 a.m.>

<21/01/2013 09:18:27 a.m.--#> Error: System.NullReferenceException: Referencia a objeto no establecida como instancia de un objeto.
   en Comparendos.servicios.generales.fGestionVehiculos.guardarDatos() en D:\Desarrollo\Repositorio\TransitoCsharp\Comparendos\Comparendos\servicios\generales\fGestionVehiculos.cs:línea 110 -||- Ubicacion error:Comparendos.servicios.generales.fGestionVehiculos <#--21/01/2013 09:18:27 a.m.>

<21/01/2013 09:18:27 a.m.--#> Error: System.NullReferenceException: Referencia a objeto no establecida como instancia de un objeto.
   en Comparendos.servicios.generales.fGestionVehiculos.guardarDatos() en D:\Desarrollo\Repositorio\TransitoCsharp\Comparendos\Comparendos\servicios\generales\fGestionVehiculos.cs:línea 124 -||- Ubicacion error:Comparendos.servicios.generales.fGestionVehiculos <#--21/01/2013 09:18:27 a.m.>

<21/01/2013 09:18:27 a.m.--#> Error: System.NullReferenceException: Referencia a objeto no establecida como instancia de un objeto.
   en Comparendos.servicios.generales.fGestionVehiculos.guardarDatos() en D:\Desarrollo\Repositorio\TransitoCsharp\Comparendos\Comparendos\servicios\generales\fGestionVehiculos.cs:línea 138 -||- Ubicacion error:Comparendos.servicios.generales.fGestionVehiculos <#--21/01/2013 09:18:27 a.m.>

<21/01/2013 09:20:12 a.m.--#> Error: System.FormatException: La cadena de entrada no tiene el formato correcto.
   en System.Number.ParseDouble(String value, NumberStyles options, NumberFormatInfo numfmt)
   en System.Double.Parse(String s, NumberStyles style, IFormatProvider provider)
   en Comparendos.servicios.generales.fGestionComparendo.btnGuardar_Click(Object sender, EventArgs e) en D:\Desarrollo\Repositorio\TransitoCsharp\Comparendos\Comparendos\servicios\generales\fGestionComparendo.cs:línea 1029 -||- Ubicacion error:Comparendos.servicios.generales.fGestionComparendo <#--21/01/2013 09:20:12 a.m.>

<21/01/2013 09:20:13 a.m.--#> Error: System.NullReferenceException: Referencia a objeto no establecida como instancia de un objeto.
   en Comparendos.servicios.generales.fGestionComparendo.guardarTestigoComp(Int32 id) en D:\Desarrollo\Repositorio\TransitoCsharp\Comparendos\Comparendos\servicios\generales\fGestionComparendo.cs:línea 1314 -||- Ubicacion error:Comparendos.servicios.generales.fGestionComparendo <#--21/01/2013 09:20:13 a.m.>

<21/01/2013 09:20:55 a.m.--#> Error: System.NullReferenceException: Referencia a objeto no establecida como instancia de un objeto.
   en Comparendos.servicios.generales.fConsultarComparendo.mostrarComparendo() en D:\Desarrollo\Repositorio\TransitoCsharp\Comparendos\Comparendos\servicios\generales\fConsultarComparendo.cs:línea 214
   en Comparendos.servicios.generales.fConsultarComparendo.buscarNroComparendo() en D:\Desarrollo\Repositorio\TransitoCsharp\Comparendos\Comparendos\servicios\generales\fConsultarComparendo.cs:línea 827
   en Comparendos.servicios.generales.fConsultarComparendo.btnBuscarNroComparendo_Click(Object sender, EventArgs e) en D:\Desarrollo\Repositorio\TransitoCsharp\Comparendos\Comparendos\servicios\generales\fConsultarComparendo.cs:línea 798 -||- Ubicacion error:Comparendos.servicios.generales.fConsultarComparendo <#--21/01/2013 09:20:55 a.m.>

<21/01/2013 09:20:59 a.m.--#> Error: System.NullReferenceException: Referencia a objeto no establecida como instancia de un objeto.
   en Comparendos.servicios.generales.fConsultarComparendo.mostrarComparendo() en D:\Desarrollo\Repositorio\TransitoCsharp\Comparendos\Comparendos\servicios\generales\fConsultarComparendo.cs:línea 214
   en Comparendos.servicios.generales.fConsultarComparendo.buscarNroComparendo() en D:\Desarrollo\Repositorio\TransitoCsharp\Comparendos\Comparendos\servicios\generales\fConsultarComparendo.cs:línea 827
   en Comparendos.servicios.generales.fConsultarComparendo.btnBuscarNroComparendo_Click(Object sender, EventArgs e) en D:\Desarrollo\Repositorio\TransitoCsharp\Comparendos\Comparendos\servicios\generales\fConsultarComparendo.cs:línea 798 -||- Ubicacion error:Comparendos.servicios.generales.fConsultarComparendo <#--21/01/2013 09:20:59 a.m.>

<21/01/2013 09:33:39 a.m.--#> Inicia aplicacion <#--21/01/2013 09:33:39 a.m.>

<21/01/2013 09:34:14 a.m.--#> Error: System.NullReferenceException: Referencia a objeto no establecida como instancia de un objeto.
   en Comparendos.servicios.liquidacion.LiquidacionComparendos.getTarifas() en D:\Desarrollo\Repositorio\TransitoCsharp\Comparendos\Comparendos\servicios\liquidacion\LiquidacionComparendos.cs:línea 111
   en Comparendos.servicios.liquidacion.LiquidacionComparendos.crearObjetos() en D:\Desarrollo\Repositorio\TransitoCsharp\Comparendos\Comparendos\servicios\liquidacion\LiquidacionComparendos.cs:línea 88
   en Comparendos.servicios.liquidacion.LiquidacionComparendos..ctor(usuarios usuario) en D:\Desarrollo\Repositorio\TransitoCsharp\Comparendos\Comparendos\servicios\liquidacion\LiquidacionComparendos.cs:línea 47 -||- Ubicacion error:Comparendos.servicios.liquidacion.LiquidacionComparendos <#--21/01/2013 09:34:14 a.m.>

<21/01/2013 09:34:24 a.m.--#> Error: System.ArgumentOutOfRangeException: InvalidArgument=El valor de '0' no es válido para 'SelectedIndex'.
Nombre del parámetro: SelectedIndex
   en System.Windows.Forms.ComboBox.set_SelectedIndex(Int32 value)
   en Comparendos.servicios.liquidacion.LiquidacionComparendos.getComparendos() en D:\Desarrollo\Repositorio\TransitoCsharp\Comparendos\Comparendos\servicios\liquidacion\LiquidacionComparendos.cs:línea 375
   en Comparendos.servicios.liquidacion.LiquidacionComparendos.AccionBuscar() en D:\Desarrollo\Repositorio\TransitoCsharp\Comparendos\Comparendos\servicios\liquidacion\LiquidacionComparendos.cs:línea 308
   en Comparendos.servicios.liquidacion.LiquidacionComparendos.btnBuscar_Click(Object sender, EventArgs e) en D:\Desarrollo\Repositorio\TransitoCsharp\Comparendos\Comparendos\servicios\liquidacion\LiquidacionComparendos.cs:línea 293 -||- Ubicacion error:Comparendos.servicios.liquidacion.LiquidacionComparendos <#--21/01/2013 09:34:24 a.m.>

<21/01/2013 09:34:59 a.m.--#> Error: System.NullReferenceException: Referencia a objeto no establecida como instancia de un objeto.
   en Comparendos.servicios.generales.fGestionComparendo.AccionBuscarPropietario() en D:\Desarrollo\Repositorio\TransitoCsharp\Comparendos\Comparendos\servicios\generales\fGestionComparendo.cs:línea 1375 -||- Ubicacion error:Comparendos.servicios.generales.fGestionComparendo <#--21/01/2013 09:34:59 a.m.>

<21/01/2013 09:35:13 a.m.--#> Error: System.NullReferenceException: Referencia a objeto no establecida como instancia de un objeto.
   en Comparendos.servicios.generales.fGestionComparendo.AccionBuscarInfractor() en D:\Desarrollo\Repositorio\TransitoCsharp\Comparendos\Comparendos\servicios\generales\fGestionComparendo.cs:línea 594 -||- Ubicacion error:Comparendos.servicios.generales.fGestionComparendo <#--21/01/2013 09:35:13 a.m.>

<21/01/2013 09:36:01 a.m.--#> Error: System.NullReferenceException: Referencia a objeto no establecida como instancia de un objeto.
   en Comparendos.servicios.generales.fConsultarComparendo.mostrarComparendo() en D:\Desarrollo\Repositorio\TransitoCsharp\Comparendos\Comparendos\servicios\generales\fConsultarComparendo.cs:línea 214
   en Comparendos.servicios.generales.fConsultarComparendo.buscarNroComparendo() en D:\Desarrollo\Repositorio\TransitoCsharp\Comparendos\Comparendos\servicios\generales\fConsultarComparendo.cs:línea 827
   en Comparendos.servicios.generales.fConsultarComparendo.btnBuscarNroComparendo_Click(Object sender, EventArgs e) en D:\Desarrollo\Repositorio\TransitoCsharp\Comparendos\Comparendos\servicios\generales\fConsultarComparendo.cs:línea 798 -||- Ubicacion error:Comparendos.servicios.generales.fConsultarComparendo <#--21/01/2013 09:36:01 a.m.>

<21/01/2013 09:43:19 a.m.--#> Inicia aplicacion <#--21/01/2013 09:43:19 a.m.>

<21/01/2013 09:46:21 a.m.--#> Inicia aplicacion <#--21/01/2013 09:46:21 a.m.>

<21/01/2013 09:48:02 a.m.--#> Inicia aplicacion <#--21/01/2013 09:48:02 a.m.>

<21/01/2013 09:48:40 a.m.--#> Cierre de aplicación <#--21/01/2013 09:48:40 a.m.>

<21/01/2013 09:53:02 a.m.--#> Inicia aplicacion <#--21/01/2013 09:53:02 a.m.>

<21/01/2013 09:53:16 a.m.--#> Cancelación de ingreso a la aplicación por petición del usuario <#--21/01/2013 09:53:16 a.m.>

<21/01/2013 09:59:27 a.m.--#> Inicia aplicacion <#--21/01/2013 09:59:27 a.m.>

<21/01/2013 10:12:55 a.m.--#> Inicia aplicacion <#--21/01/2013 10:12:55 a.m.>

<21/01/2013 10:13:48 a.m.--#> Cierre de aplicación <#--21/01/2013 10:13:48 a.m.>

<21/01/2013 11:32:30 a.m.--#> Inicia aplicacion <#--21/01/2013 11:32:30 a.m.>

<21/01/2013 11:32:59 a.m.--#> Cierre de aplicación <#--21/01/2013 11:32:59 a.m.>

<21/01/2013 11:44:38 a.m.--#> Inicia aplicacion <#--21/01/2013 11:44:38 a.m.>

<21/01/2013 11:45:39 a.m.--#> Cierre de aplicación <#--21/01/2013 11:45:39 a.m.>

<21/01/2013 12:03:16 p.m.--#> Inicia aplicacion <#--21/01/2013 12:03:16 p.m.>

<21/01/2013 12:03:51 p.m.--#> Cierre de aplicación <#--21/01/2013 12:03:51 p.m.>

<21/01/2013 02:35:35 p.m.--#> Inicia aplicacion <#--21/01/2013 02:35:35 p.m.>

<21/01/2013 02:35:43 p.m.--#> Cancelación de ingreso a la aplicación por petición del usuario <#--21/01/2013 02:35:43 p.m.>

<21/01/2013 02:41:09 p.m.--#> Inicia aplicacion <#--21/01/2013 02:41:09 p.m.>

<21/01/2013 02:57:34 p.m.--#> Inicia aplicacion <#--21/01/2013 02:57:34 p.m.>

<21/01/2013 02:57:59 p.m.--#> Cierre de aplicación <#--21/01/2013 02:57:59 p.m.>

<21/01/2013 03:36:49 p.m.--#> Inicia aplicacion <#--21/01/2013 03:36:49 p.m.>

<21/01/2013 03:37:04 p.m.--#> Cierre de aplicación <#--21/01/2013 03:37:04 p.m.>

<21/01/2013 05:26:50 p.m.--#> Inicia aplicacion <#--21/01/2013 05:26:50 p.m.>

<21/01/2013 05:27:02 p.m.--#> Cierre de aplicación <#--21/01/2013 05:27:02 p.m.>

