<30/01/2014 12:46:44 p.m.--#> Inicia aplicacion <#--30/01/2014 12:46:44 p.m.>

<30/01/2014 03:17:28 p.m.--#> Inicia aplicacion <#--30/01/2014 03:17:28 p.m.>

<30/01/2014 03:23:19 p.m.--#> Error: System.FormatException: La cadena de entrada no tiene el formato correcto.
   en System.Number.ParseDouble(String value, NumberStyles options, NumberFormatInfo numfmt)
   en System.Double.Parse(String s, NumberStyles style, IFormatProvider provider)
   en Comparendos.servicios.generales.fGestionComparendo.btnGuardar_Click(Object sender, EventArgs e) en D:\Desarrollo\Repositorio\ServiciosIntegrales\Comparendos\Comparendos\servicios\generales\fGestionComparendo.cs:línea 1319 -||- Ubicacion error:Comparendos.servicios.generales.fGestionComparendo <#--30/01/2014 03:23:19 p.m.>

<30/01/2014 03:23:20 p.m.--#> Error: System.NullReferenceException: Referencia a objeto no establecida como instancia de un objeto.
   en Comparendos.servicios.generales.fGestionComparendo.guardarTestigoComp(Int32 id) en D:\Desarrollo\Repositorio\ServiciosIntegrales\Comparendos\Comparendos\servicios\generales\fGestionComparendo.cs:línea 1636 -||- Ubicacion error:Comparendos.servicios.generales.fGestionComparendo <#--30/01/2014 03:23:20 p.m.>

<30/01/2014 03:25:46 p.m.--#> Error: System.FormatException: La cadena de entrada no tiene el formato correcto.
   en System.Number.ParseDouble(String value, NumberStyles options, NumberFormatInfo numfmt)
   en System.Double.Parse(String s, NumberStyles style, IFormatProvider provider)
   en Comparendos.servicios.generales.fGestionComparendo.btnGuardar_Click(Object sender, EventArgs e) en D:\Desarrollo\Repositorio\ServiciosIntegrales\Comparendos\Comparendos\servicios\generales\fGestionComparendo.cs:línea 1319 -||- Ubicacion error:Comparendos.servicios.generales.fGestionComparendo <#--30/01/2014 03:25:46 p.m.>

<30/01/2014 03:26:10 p.m.--#> Cierre de aplicación <#--30/01/2014 03:26:10 p.m.>

<30/01/2014 03:31:00 p.m.--#> Inicia aplicacion <#--30/01/2014 03:31:00 p.m.>

<30/01/2014 03:40:38 p.m.--#> Cierre de aplicación <#--30/01/2014 03:40:38 p.m.>

<30/01/2014 03:55:56 p.m.--#> Inicia aplicacion <#--30/01/2014 03:55:56 p.m.>

<30/01/2014 03:58:12 p.m.--#> Error: System.Runtime.InteropServices.COMException (0x800A1436): No se puede encontrar el archivo.
   en Microsoft.Office.Interop.Word.Documents.Add(Object& Template, Object& NewTemplate, Object& DocumentType, Object& Visible)
   en Comparendos.servicios.documentos.GenerarResoluciones.generarWord(Boolean abrirDoc, plantilla& myPlantillaActual, String nombreDocumento, String nombrePlantilla) en D:\Desarrollo\Repositorio\ServiciosIntegrales\Comparendos\Comparendos\servicios\documentos\GenerarResoluciones.cs:línea 166
   en Comparendos.servicios.documentos.GenerarResoluciones.generarResolucion(Boolean abrirDoc, String nombrePlantilla, infractorComp myInfractor, plantilla& myPlantillaActual, resolucionesComparendoComp myResolucionesComparendo, viewComparendosResolSancionComp infoComparendo) en D:\Desarrollo\Repositorio\ServiciosIntegrales\Comparendos\Comparendos\servicios\documentos\GenerarResoluciones.cs:línea 144
   en Comparendos.servicios.documentos.GenerarResoluciones.crearResolucion(Boolean abrirDoc, String nombrePlantilla, Int32 numResolucion, infractorComp myInfractor, tipoResolucionComp myTipoResolucion, usuarios myUsuario, String fechaResolucion, plantilla myPlantillaActual, viewComparendosResolSancionComp infoComparendo, resolucionesComparendoComp& myResolucionComparendo) en D:\Desarrollo\Repositorio\ServiciosIntegrales\Comparendos\Comparendos\servicios\documentos\GenerarResoluciones.cs:línea 47
   en Comparendos.servicios.documentos.ResolImpoInfrac.btnGenerarResolucion_Click(Object sender, EventArgs e) en D:\Desarrollo\Repositorio\ServiciosIntegrales\Comparendos\Comparendos\servicios\documentos\ResolImpoInfrac.cs:línea 437 -||- Ubicacion error:Comparendos.servicios.documentos.ResolImpoInfrac <#--30/01/2014 03:58:12 p.m.>

<30/01/2014 04:10:01 p.m.--#> Cierre de aplicación <#--30/01/2014 04:10:01 p.m.>

<30/01/2014 04:25:49 p.m.--#> Inicia aplicacion <#--30/01/2014 04:25:49 p.m.>

<30/01/2014 04:34:24 p.m.--#> Cierre de aplicación <#--30/01/2014 04:34:24 p.m.>

<30/01/2014 04:34:37 p.m.--#> Inicia aplicacion <#--30/01/2014 04:34:37 p.m.>

<30/01/2014 04:35:16 p.m.--#> Cierre de aplicación <#--30/01/2014 04:35:16 p.m.>

<30/01/2014 04:51:48 p.m.--#> Inicia aplicacion <#--30/01/2014 04:51:48 p.m.>

<30/01/2014 05:03:01 p.m.--#> Inicia aplicacion <#--30/01/2014 05:03:01 p.m.>

<30/01/2014 05:10:04 p.m.--#> Error: System.FormatException: La cadena de entrada no tiene el formato correcto.
   en System.Number.ParseDouble(String value, NumberStyles options, NumberFormatInfo numfmt)
   en System.Double.Parse(String s, NumberStyles style, IFormatProvider provider)
   en Comparendos.servicios.liquidacion.LiquidacionComparendos.getConceptosTarifa(tarifa tar) en D:\Desarrollo\Repositorio\ServiciosIntegrales\Comparendos\Comparendos\servicios\liquidacion\LiquidacionComparendos.cs:línea 192
   en Comparendos.servicios.liquidacion.LiquidacionComparendos.cmbTarifa_SelectedIndexChanged(Object sender, EventArgs e) en D:\Desarrollo\Repositorio\ServiciosIntegrales\Comparendos\Comparendos\servicios\liquidacion\LiquidacionComparendos.cs:línea 141 -||- Ubicacion error:Comparendos.servicios.liquidacion.LiquidacionComparendos <#--30/01/2014 05:10:04 p.m.>

<30/01/2014 05:10:17 p.m.--#> Cierre de aplicación <#--30/01/2014 05:10:17 p.m.>

<30/01/2014 05:12:12 p.m.--#> Inicia aplicacion <#--30/01/2014 05:12:12 p.m.>

<30/01/2014 05:16:19 p.m.--#> Inicia aplicacion <#--30/01/2014 05:16:19 p.m.>

<30/01/2014 05:38:36 p.m.--#> Error: System.IO.IOException: El proceso no puede obtener acceso al archivo 'C:\siot\facturas\facturasComparendos\214013059958.pdf' porque está siendo utilizado en otro proceso.
   en System.IO.__Error.WinIOError(Int32 errorCode, String maybeFullPath)
   en System.IO.FileStream.Init(String path, FileMode mode, FileAccess access, Int32 rights, Boolean useRights, FileShare share, Int32 bufferSize, FileOptions options, SECURITY_ATTRIBUTES secAttrs, String msgPath, Boolean bFromProxy, Boolean useLongPath)
   en System.IO.FileStream..ctor(String path, FileMode mode, FileAccess access, FileShare share)
   en System.IO.File.WriteAllBytes(String path, Byte[] bytes)
   en Comparendos.servicios.documentos.transferir.byteToarchivo(Byte[] bytes, String ruta) en D:\Desarrollo\Repositorio\ServiciosIntegrales\Comparendos\Comparendos\servicios\documentos\transferir.cs:línea 24
   en Comparendos.servicios.documentos.transferir.archivoDelServer(String ruta) en D:\Desarrollo\Repositorio\ServiciosIntegrales\Comparendos\Comparendos\servicios\documentos\transferir.cs:línea 47
   en Comparendos.servicios.liquidacion.LiquidacionComparendos.lnkVerFactura_LinkClicked(Object sender, LinkLabelLinkClickedEventArgs e) en D:\Desarrollo\Repositorio\ServiciosIntegrales\Comparendos\Comparendos\servicios\liquidacion\LiquidacionComparendos.cs:línea 549 -||- Ubicacion error:Comparendos.servicios.liquidacion.LiquidacionComparendos <#--30/01/2014 05:38:36 p.m.>

