<24/01/2014 09:34:10 a.m.--#> Inicia aplicacion <#--24/01/2014 09:34:10 a.m.>

<24/01/2014 09:51:53 a.m.--#> Inicia aplicacion <#--24/01/2014 09:51:53 a.m.>

<24/01/2014 10:33:05 a.m.--#> Inicia aplicacion <#--24/01/2014 10:33:05 a.m.>

<24/01/2014 10:59:06 a.m.--#> Error: System.FormatException: La cadena de entrada no tiene el formato correcto.
   en System.Number.ParseDouble(String value, NumberStyles options, NumberFormatInfo numfmt)
   en System.Double.Parse(String s, NumberStyles style, IFormatProvider provider)
   en Comparendos.servicios.generales.fGestionComparendo.btnGuardar_Click(Object sender, EventArgs e) en D:\Desarrollo\Repositorio\ServiciosIntegrales\Comparendos\Comparendos\servicios\generales\fGestionComparendo.cs:línea 1319 -||- Ubicacion error:Comparendos.servicios.generales.fGestionComparendo <#--24/01/2014 10:59:06 a.m.>

<24/01/2014 10:59:07 a.m.--#> Error: System.NullReferenceException: Referencia a objeto no establecida como instancia de un objeto.
   en Comparendos.servicios.generales.fGestionComparendo.guardarTestigoComp(Int32 id) en D:\Desarrollo\Repositorio\ServiciosIntegrales\Comparendos\Comparendos\servicios\generales\fGestionComparendo.cs:línea 1636 -||- Ubicacion error:Comparendos.servicios.generales.fGestionComparendo <#--24/01/2014 10:59:07 a.m.>

<24/01/2014 11:03:23 a.m.--#> Error: System.FormatException: La cadena de entrada no tiene el formato correcto.
   en System.Number.ParseDouble(String value, NumberStyles options, NumberFormatInfo numfmt)
   en System.Double.Parse(String s, NumberStyles style, IFormatProvider provider)
   en Comparendos.servicios.generales.fGestionComparendo.btnGuardar_Click(Object sender, EventArgs e) en D:\Desarrollo\Repositorio\ServiciosIntegrales\Comparendos\Comparendos\servicios\generales\fGestionComparendo.cs:línea 1319 -||- Ubicacion error:Comparendos.servicios.generales.fGestionComparendo <#--24/01/2014 11:03:23 a.m.>

<24/01/2014 11:03:23 a.m.--#> Error: System.NullReferenceException: Referencia a objeto no establecida como instancia de un objeto.
   en Comparendos.servicios.generales.fGestionComparendo.guardarTestigoComp(Int32 id) en D:\Desarrollo\Repositorio\ServiciosIntegrales\Comparendos\Comparendos\servicios\generales\fGestionComparendo.cs:línea 1636 -||- Ubicacion error:Comparendos.servicios.generales.fGestionComparendo <#--24/01/2014 11:03:23 a.m.>

<24/01/2014 11:12:57 a.m.--#> Error: System.FormatException: La cadena de entrada no tiene el formato correcto.
   en System.Number.ParseDouble(String value, NumberStyles options, NumberFormatInfo numfmt)
   en System.Double.Parse(String s, NumberStyles style, IFormatProvider provider)
   en Comparendos.servicios.generales.fGestionComparendo.btnGuardar_Click(Object sender, EventArgs e) en D:\Desarrollo\Repositorio\ServiciosIntegrales\Comparendos\Comparendos\servicios\generales\fGestionComparendo.cs:línea 1319 -||- Ubicacion error:Comparendos.servicios.generales.fGestionComparendo <#--24/01/2014 11:12:57 a.m.>

<24/01/2014 11:12:57 a.m.--#> Error: System.NullReferenceException: Referencia a objeto no establecida como instancia de un objeto.
   en Comparendos.servicios.generales.fGestionComparendo.guardarTestigoComp(Int32 id) en D:\Desarrollo\Repositorio\ServiciosIntegrales\Comparendos\Comparendos\servicios\generales\fGestionComparendo.cs:línea 1636 -||- Ubicacion error:Comparendos.servicios.generales.fGestionComparendo <#--24/01/2014 11:12:57 a.m.>

<24/01/2014 11:14:25 a.m.--#> Error: System.FormatException: La cadena de entrada no tiene el formato correcto.
   en System.Number.ParseDouble(String value, NumberStyles options, NumberFormatInfo numfmt)
   en System.Double.Parse(String s, NumberStyles style, IFormatProvider provider)
   en Comparendos.servicios.generales.fGestionComparendo.btnGuardar_Click(Object sender, EventArgs e) en D:\Desarrollo\Repositorio\ServiciosIntegrales\Comparendos\Comparendos\servicios\generales\fGestionComparendo.cs:línea 1319 -||- Ubicacion error:Comparendos.servicios.generales.fGestionComparendo <#--24/01/2014 11:14:25 a.m.>

<24/01/2014 11:14:25 a.m.--#> Error: System.NullReferenceException: Referencia a objeto no establecida como instancia de un objeto.
   en Comparendos.servicios.generales.fGestionComparendo.guardarTestigoComp(Int32 id) en D:\Desarrollo\Repositorio\ServiciosIntegrales\Comparendos\Comparendos\servicios\generales\fGestionComparendo.cs:línea 1636 -||- Ubicacion error:Comparendos.servicios.generales.fGestionComparendo <#--24/01/2014 11:14:25 a.m.>

<24/01/2014 11:24:52 a.m.--#> Cierre de aplicación <#--24/01/2014 11:24:52 a.m.>

<24/01/2014 11:29:59 a.m.--#> Inicia aplicacion <#--24/01/2014 11:29:59 a.m.>

<24/01/2014 11:57:41 a.m.--#> Cierre de aplicación <#--24/01/2014 11:57:41 a.m.>

<24/01/2014 02:44:06 p.m.--#> Inicia aplicacion <#--24/01/2014 02:44:06 p.m.>

<24/01/2014 02:44:34 p.m.--#> Error: System.Net.WebException: Error de la solicitud con el código de estado HTTP 404: Not Found.
   en System.Web.Services.Protocols.SoapHttpClientProtocol.ReadResponse(SoapClientMessage message, WebResponse response, Stream responseStream, Boolean asyncCall)
   en System.Web.Services.Protocols.SoapHttpClientProtocol.Invoke(String methodName, Object[] parameters)
   en LibreriasSintrat.ServiciosUsuarios.ServiciosUsuariosService.probarConexion(Boolean arg0) en D:\Desarrollo\Repositorio\ServiciosIntegrales\LibreriasSintratMEDELLIN\LibreriasSintrat\Web References\ServiciosUsuarios\Reference.cs:línea 1025
   en LibreriasSintrat.forms.commons.inicio.verificarConexion() en D:\Desarrollo\Repositorio\ServiciosIntegrales\LibreriasSintratMEDELLIN\LibreriasSintrat\forms\commons\frmLogin.cs:línea 93 -||- Ubicacion error:LibreriasSintrat.forms.commons.inicio <#--24/01/2014 02:44:34 p.m.>

<24/01/2014 02:44:37 p.m.--#> Cancelación de ingreso a la aplicación por petición del usuario <#--24/01/2014 02:44:37 p.m.>

<24/01/2014 02:45:49 p.m.--#> Inicia aplicacion <#--24/01/2014 02:45:49 p.m.>

<24/01/2014 02:50:04 p.m.--#> Error: System.FormatException: La cadena de entrada no tiene el formato correcto.
   en System.Number.ParseDouble(String value, NumberStyles options, NumberFormatInfo numfmt)
   en System.Double.Parse(String s, NumberStyles style, IFormatProvider provider)
   en Comparendos.servicios.generales.fGestionComparendo.btnGuardar_Click(Object sender, EventArgs e) en D:\Desarrollo\Repositorio\ServiciosIntegrales\Comparendos\Comparendos\servicios\generales\fGestionComparendo.cs:línea 1319 -||- Ubicacion error:Comparendos.servicios.generales.fGestionComparendo <#--24/01/2014 02:50:04 p.m.>

<24/01/2014 02:50:05 p.m.--#> Error: System.NullReferenceException: Referencia a objeto no establecida como instancia de un objeto.
   en Comparendos.servicios.generales.fGestionComparendo.guardarTestigoComp(Int32 id) en D:\Desarrollo\Repositorio\ServiciosIntegrales\Comparendos\Comparendos\servicios\generales\fGestionComparendo.cs:línea 1636 -||- Ubicacion error:Comparendos.servicios.generales.fGestionComparendo <#--24/01/2014 02:50:05 p.m.>

<24/01/2014 03:50:06 p.m.--#> Cierre de aplicación <#--24/01/2014 03:50:06 p.m.>

<24/01/2014 03:50:22 p.m.--#> Inicia aplicacion <#--24/01/2014 03:50:22 p.m.>

<24/01/2014 03:58:19 p.m.--#> Error: System.FormatException: La cadena de entrada no tiene el formato correcto.
   en System.Number.ParseDouble(String value, NumberStyles options, NumberFormatInfo numfmt)
   en System.Double.Parse(String s, NumberStyles style, IFormatProvider provider)
   en Comparendos.servicios.generales.fGestionComparendo.btnGuardar_Click(Object sender, EventArgs e) en D:\Desarrollo\Repositorio\ServiciosIntegrales\Comparendos\Comparendos\servicios\generales\fGestionComparendo.cs:línea 1319 -||- Ubicacion error:Comparendos.servicios.generales.fGestionComparendo <#--24/01/2014 03:58:19 p.m.>

<24/01/2014 03:58:20 p.m.--#> Error: System.NullReferenceException: Referencia a objeto no establecida como instancia de un objeto.
   en Comparendos.servicios.generales.fGestionComparendo.guardarTestigoComp(Int32 id) en D:\Desarrollo\Repositorio\ServiciosIntegrales\Comparendos\Comparendos\servicios\generales\fGestionComparendo.cs:línea 1636 -||- Ubicacion error:Comparendos.servicios.generales.fGestionComparendo <#--24/01/2014 03:58:20 p.m.>

<24/01/2014 03:58:46 p.m.--#> Cierre de aplicación <#--24/01/2014 03:58:46 p.m.>

<24/01/2014 04:49:31 p.m.--#> Inicia aplicacion <#--24/01/2014 04:49:31 p.m.>

<24/01/2014 06:06:39 p.m.--#> Error: System.FormatException: La cadena de entrada no tiene el formato correcto.
   en System.Number.ParseDouble(String value, NumberStyles options, NumberFormatInfo numfmt)
   en System.Double.Parse(String s, NumberStyles style, IFormatProvider provider)
   en Comparendos.servicios.generales.fGestionComparendo.btnGuardar_Click(Object sender, EventArgs e) en D:\Desarrollo\Repositorio\ServiciosIntegrales\Comparendos\Comparendos\servicios\generales\fGestionComparendo.cs:línea 1319 -||- Ubicacion error:Comparendos.servicios.generales.fGestionComparendo <#--24/01/2014 06:06:39 p.m.>

<24/01/2014 06:06:40 p.m.--#> Error: System.NullReferenceException: Referencia a objeto no establecida como instancia de un objeto.
   en Comparendos.servicios.generales.fGestionComparendo.guardarTestigoComp(Int32 id) en D:\Desarrollo\Repositorio\ServiciosIntegrales\Comparendos\Comparendos\servicios\generales\fGestionComparendo.cs:línea 1636 -||- Ubicacion error:Comparendos.servicios.generales.fGestionComparendo <#--24/01/2014 06:06:40 p.m.>

<24/01/2014 06:07:36 p.m.--#> Error: System.NullReferenceException: Referencia a objeto no establecida como instancia de un objeto.
   en Comparendos.servicios.generales.fGestionComparendo.btnGuardar_Click(Object sender, EventArgs e) en D:\Desarrollo\Repositorio\ServiciosIntegrales\Comparendos\Comparendos\servicios\generales\fGestionComparendo.cs:línea 1258 -||- Ubicacion error:Comparendos.servicios.generales.fGestionComparendo <#--24/01/2014 06:07:36 p.m.>

<24/01/2014 06:07:36 p.m.--#> Error: System.FormatException: La cadena de entrada no tiene el formato correcto.
   en System.Number.ParseDouble(String value, NumberStyles options, NumberFormatInfo numfmt)
   en System.Double.Parse(String s, NumberStyles style, IFormatProvider provider)
   en Comparendos.servicios.generales.fGestionComparendo.btnGuardar_Click(Object sender, EventArgs e) en D:\Desarrollo\Repositorio\ServiciosIntegrales\Comparendos\Comparendos\servicios\generales\fGestionComparendo.cs:línea 1319 -||- Ubicacion error:Comparendos.servicios.generales.fGestionComparendo <#--24/01/2014 06:07:36 p.m.>

<24/01/2014 06:07:37 p.m.--#> Error: System.NullReferenceException: Referencia a objeto no establecida como instancia de un objeto.
   en Comparendos.servicios.generales.fGestionComparendo.guardarTestigoComp(Int32 id) en D:\Desarrollo\Repositorio\ServiciosIntegrales\Comparendos\Comparendos\servicios\generales\fGestionComparendo.cs:línea 1636 -||- Ubicacion error:Comparendos.servicios.generales.fGestionComparendo <#--24/01/2014 06:07:37 p.m.>

<24/01/2014 06:18:33 p.m.--#> Cierre de aplicación <#--24/01/2014 06:18:33 p.m.>

