<16/01/2014 08:16:17 a.m.--#> Inicia aplicacion <#--16/01/2014 08:16:17 a.m.>

<16/01/2014 08:22:22 a.m.--#> Cierre de aplicación <#--16/01/2014 08:22:22 a.m.>

<16/01/2014 09:59:49 a.m.--#> Inicia aplicacion <#--16/01/2014 09:59:49 a.m.>

<16/01/2014 10:04:45 a.m.--#> Error: System.NullReferenceException: Referencia a objeto no establecida como instancia de un objeto.
   en Comparendos.servicios.generales.fGestionComparendo.mostrarComparendo() en D:\Desarrollo\Repositorio\ServiciosIntegrales\Comparendos\Comparendos\servicios\generales\fGestionComparendo.cs:línea 654 -||- Ubicacion error:Comparendos.servicios.generales.fGestionComparendo <#--16/01/2014 10:04:45 a.m.>

<16/01/2014 10:04:45 a.m.--#> Error: System.NullReferenceException: Referencia a objeto no establecida como instancia de un objeto.
   en Comparendos.servicios.generales.fGestionComparendo.mostrarComparendo() en D:\Desarrollo\Repositorio\ServiciosIntegrales\Comparendos\Comparendos\servicios\generales\fGestionComparendo.cs:línea 687 -||- Ubicacion error:Comparendos.servicios.generales.fGestionComparendo <#--16/01/2014 10:04:45 a.m.>

<16/01/2014 10:04:45 a.m.--#> Error: System.NullReferenceException: Referencia a objeto no establecida como instancia de un objeto.
   en Comparendos.servicios.generales.fGestionComparendo.mostrarComparendo() en D:\Desarrollo\Repositorio\ServiciosIntegrales\Comparendos\Comparendos\servicios\generales\fGestionComparendo.cs:línea 654 -||- Ubicacion error:Comparendos.servicios.generales.fGestionComparendo <#--16/01/2014 10:04:45 a.m.>

<16/01/2014 10:04:45 a.m.--#> Error: System.NullReferenceException: Referencia a objeto no establecida como instancia de un objeto.
   en Comparendos.servicios.generales.fGestionComparendo.mostrarComparendo() en D:\Desarrollo\Repositorio\ServiciosIntegrales\Comparendos\Comparendos\servicios\generales\fGestionComparendo.cs:línea 687 -||- Ubicacion error:Comparendos.servicios.generales.fGestionComparendo <#--16/01/2014 10:04:45 a.m.>

<16/01/2014 10:10:43 a.m.--#> Error: System.NullReferenceException: Referencia a objeto no establecida como instancia de un objeto.
   en Comparendos.servicios.generales.fConsultarComparendo.mostrarComparendo() en D:\Desarrollo\Repositorio\ServiciosIntegrales\Comparendos\Comparendos\servicios\generales\fConsultarComparendo.cs:línea 232 -||- Ubicacion error:Comparendos.servicios.generales.fConsultarComparendo <#--16/01/2014 10:10:43 a.m.>

<16/01/2014 10:10:43 a.m.--#> Error: System.NullReferenceException: Referencia a objeto no establecida como instancia de un objeto.
   en Comparendos.servicios.generales.fConsultarComparendo.mostrarComparendo() en D:\Desarrollo\Repositorio\ServiciosIntegrales\Comparendos\Comparendos\servicios\generales\fConsultarComparendo.cs:línea 262 -||- Ubicacion error:Comparendos.servicios.generales.fConsultarComparendo <#--16/01/2014 10:10:43 a.m.>

<16/01/2014 10:20:58 a.m.--#> Cierre de aplicación <#--16/01/2014 10:20:58 a.m.>

<16/01/2014 10:35:56 a.m.--#> Inicia aplicacion <#--16/01/2014 10:35:56 a.m.>

<16/01/2014 11:09:34 a.m.--#> Error: System.NullReferenceException: Referencia a objeto no establecida como instancia de un objeto.
   en Comparendos.servicios.generales.fConsultarComparendo.mostrarComparendo() en D:\Desarrollo\Repositorio\ServiciosIntegrales\Comparendos\Comparendos\servicios\generales\fConsultarComparendo.cs:línea 232 -||- Ubicacion error:Comparendos.servicios.generales.fConsultarComparendo <#--16/01/2014 11:09:34 a.m.>

<16/01/2014 11:09:34 a.m.--#> Error: System.NullReferenceException: Referencia a objeto no establecida como instancia de un objeto.
   en Comparendos.servicios.generales.fConsultarComparendo.mostrarComparendo() en D:\Desarrollo\Repositorio\ServiciosIntegrales\Comparendos\Comparendos\servicios\generales\fConsultarComparendo.cs:línea 262 -||- Ubicacion error:Comparendos.servicios.generales.fConsultarComparendo <#--16/01/2014 11:09:34 a.m.>

<16/01/2014 11:10:02 a.m.--#> Error: System.NullReferenceException: Referencia a objeto no establecida como instancia de un objeto.
   en Comparendos.servicios.generales.fGestionComparendo.mostrarComparendo() en D:\Desarrollo\Repositorio\ServiciosIntegrales\Comparendos\Comparendos\servicios\generales\fGestionComparendo.cs:línea 654 -||- Ubicacion error:Comparendos.servicios.generales.fGestionComparendo <#--16/01/2014 11:10:02 a.m.>

<16/01/2014 11:10:02 a.m.--#> Error: System.NullReferenceException: Referencia a objeto no establecida como instancia de un objeto.
   en Comparendos.servicios.generales.fGestionComparendo.mostrarComparendo() en D:\Desarrollo\Repositorio\ServiciosIntegrales\Comparendos\Comparendos\servicios\generales\fGestionComparendo.cs:línea 687 -||- Ubicacion error:Comparendos.servicios.generales.fGestionComparendo <#--16/01/2014 11:10:02 a.m.>

<16/01/2014 11:15:03 a.m.--#> Error: System.NullReferenceException: Referencia a objeto no establecida como instancia de un objeto.
   en Comparendos.servicios.generales.fGestionComparendo.mostrarComparendo() en D:\Desarrollo\Repositorio\ServiciosIntegrales\Comparendos\Comparendos\servicios\generales\fGestionComparendo.cs:línea 654 -||- Ubicacion error:Comparendos.servicios.generales.fGestionComparendo <#--16/01/2014 11:15:03 a.m.>

<16/01/2014 11:15:03 a.m.--#> Error: System.NullReferenceException: Referencia a objeto no establecida como instancia de un objeto.
   en Comparendos.servicios.generales.fGestionComparendo.mostrarComparendo() en D:\Desarrollo\Repositorio\ServiciosIntegrales\Comparendos\Comparendos\servicios\generales\fGestionComparendo.cs:línea 687 -||- Ubicacion error:Comparendos.servicios.generales.fGestionComparendo <#--16/01/2014 11:15:03 a.m.>

<16/01/2014 11:15:03 a.m.--#> Error: System.NullReferenceException: Referencia a objeto no establecida como instancia de un objeto.
   en Comparendos.servicios.generales.fGestionComparendo.mostrarComparendo() en D:\Desarrollo\Repositorio\ServiciosIntegrales\Comparendos\Comparendos\servicios\generales\fGestionComparendo.cs:línea 654 -||- Ubicacion error:Comparendos.servicios.generales.fGestionComparendo <#--16/01/2014 11:15:03 a.m.>

<16/01/2014 11:15:03 a.m.--#> Error: System.NullReferenceException: Referencia a objeto no establecida como instancia de un objeto.
   en Comparendos.servicios.generales.fGestionComparendo.mostrarComparendo() en D:\Desarrollo\Repositorio\ServiciosIntegrales\Comparendos\Comparendos\servicios\generales\fGestionComparendo.cs:línea 687 -||- Ubicacion error:Comparendos.servicios.generales.fGestionComparendo <#--16/01/2014 11:15:03 a.m.>

<16/01/2014 11:15:18 a.m.--#> Cierre de aplicación <#--16/01/2014 11:15:18 a.m.>

<16/01/2014 11:18:23 a.m.--#> Inicia aplicacion <#--16/01/2014 11:18:23 a.m.>

<16/01/2014 11:19:10 a.m.--#> Error: System.NullReferenceException: Referencia a objeto no establecida como instancia de un objeto.
   en Comparendos.servicios.generales.fGestionComparendo.mostrarComparendo() en D:\Desarrollo\Repositorio\ServiciosIntegrales\Comparendos\Comparendos\servicios\generales\fGestionComparendo.cs:línea 654 -||- Ubicacion error:Comparendos.servicios.generales.fGestionComparendo <#--16/01/2014 11:19:10 a.m.>

<16/01/2014 11:19:10 a.m.--#> Error: System.NullReferenceException: Referencia a objeto no establecida como instancia de un objeto.
   en Comparendos.servicios.generales.fGestionComparendo.mostrarComparendo() en D:\Desarrollo\Repositorio\ServiciosIntegrales\Comparendos\Comparendos\servicios\generales\fGestionComparendo.cs:línea 687 -||- Ubicacion error:Comparendos.servicios.generales.fGestionComparendo <#--16/01/2014 11:19:10 a.m.>

<16/01/2014 11:19:25 a.m.--#> Error: System.NullReferenceException: Referencia a objeto no establecida como instancia de un objeto.
   en Comparendos.servicios.generales.fGestionComparendo.mostrarComparendo() en D:\Desarrollo\Repositorio\ServiciosIntegrales\Comparendos\Comparendos\servicios\generales\fGestionComparendo.cs:línea 654 -||- Ubicacion error:Comparendos.servicios.generales.fGestionComparendo <#--16/01/2014 11:19:25 a.m.>

<16/01/2014 11:19:25 a.m.--#> Error: System.NullReferenceException: Referencia a objeto no establecida como instancia de un objeto.
   en Comparendos.servicios.generales.fGestionComparendo.mostrarComparendo() en D:\Desarrollo\Repositorio\ServiciosIntegrales\Comparendos\Comparendos\servicios\generales\fGestionComparendo.cs:línea 687 -||- Ubicacion error:Comparendos.servicios.generales.fGestionComparendo <#--16/01/2014 11:19:25 a.m.>

<16/01/2014 11:19:25 a.m.--#> Error: System.NullReferenceException: Referencia a objeto no establecida como instancia de un objeto.
   en Comparendos.servicios.generales.fGestionComparendo.mostrarComparendo() en D:\Desarrollo\Repositorio\ServiciosIntegrales\Comparendos\Comparendos\servicios\generales\fGestionComparendo.cs:línea 734
   en Comparendos.servicios.generales.fGestionComparendo.buscarComparendo(String nro) en D:\Desarrollo\Repositorio\ServiciosIntegrales\Comparendos\Comparendos\servicios\generales\fGestionComparendo.cs:línea 998
   en Comparendos.servicios.generales.fGestionComparendo.validarNumeroComparendo() en D:\Desarrollo\Repositorio\ServiciosIntegrales\Comparendos\Comparendos\servicios\generales\fGestionComparendo.cs:línea 571
   en Comparendos.servicios.generales.fGestionComparendo.txtNroComparendo_KeyDown(Object sender, KeyEventArgs e) en D:\Desarrollo\Repositorio\ServiciosIntegrales\Comparendos\Comparendos\servicios\generales\fGestionComparendo.cs:línea 517 -||- Ubicacion error:Comparendos.servicios.generales.fGestionComparendo <#--16/01/2014 11:19:25 a.m.>

<16/01/2014 11:19:31 a.m.--#> Error: System.NullReferenceException: Referencia a objeto no establecida como instancia de un objeto.
   en Comparendos.servicios.generales.fGestionComparendo.mostrarComparendo() en D:\Desarrollo\Repositorio\ServiciosIntegrales\Comparendos\Comparendos\servicios\generales\fGestionComparendo.cs:línea 654 -||- Ubicacion error:Comparendos.servicios.generales.fGestionComparendo <#--16/01/2014 11:19:31 a.m.>

<16/01/2014 11:19:31 a.m.--#> Error: System.NullReferenceException: Referencia a objeto no establecida como instancia de un objeto.
   en Comparendos.servicios.generales.fGestionComparendo.mostrarComparendo() en D:\Desarrollo\Repositorio\ServiciosIntegrales\Comparendos\Comparendos\servicios\generales\fGestionComparendo.cs:línea 687 -||- Ubicacion error:Comparendos.servicios.generales.fGestionComparendo <#--16/01/2014 11:19:31 a.m.>

<16/01/2014 11:19:31 a.m.--#> Error: System.NullReferenceException: Referencia a objeto no establecida como instancia de un objeto.
   en Comparendos.servicios.generales.fGestionComparendo.mostrarComparendo() en D:\Desarrollo\Repositorio\ServiciosIntegrales\Comparendos\Comparendos\servicios\generales\fGestionComparendo.cs:línea 734
   en Comparendos.servicios.generales.fGestionComparendo.buscarComparendo(String nro) en D:\Desarrollo\Repositorio\ServiciosIntegrales\Comparendos\Comparendos\servicios\generales\fGestionComparendo.cs:línea 998
   en Comparendos.servicios.generales.fGestionComparendo.validarNumeroComparendo() en D:\Desarrollo\Repositorio\ServiciosIntegrales\Comparendos\Comparendos\servicios\generales\fGestionComparendo.cs:línea 571
   en Comparendos.servicios.generales.fGestionComparendo.txtNroComparendo_KeyDown(Object sender, KeyEventArgs e) en D:\Desarrollo\Repositorio\ServiciosIntegrales\Comparendos\Comparendos\servicios\generales\fGestionComparendo.cs:línea 517 -||- Ubicacion error:Comparendos.servicios.generales.fGestionComparendo <#--16/01/2014 11:19:31 a.m.>

<16/01/2014 11:19:43 a.m.--#> Error: System.NullReferenceException: Referencia a objeto no establecida como instancia de un objeto.
   en Comparendos.servicios.generales.fGestionComparendo.mostrarComparendo() en D:\Desarrollo\Repositorio\ServiciosIntegrales\Comparendos\Comparendos\servicios\generales\fGestionComparendo.cs:línea 654 -||- Ubicacion error:Comparendos.servicios.generales.fGestionComparendo <#--16/01/2014 11:19:43 a.m.>

<16/01/2014 11:19:43 a.m.--#> Error: System.NullReferenceException: Referencia a objeto no establecida como instancia de un objeto.
   en Comparendos.servicios.generales.fGestionComparendo.mostrarComparendo() en D:\Desarrollo\Repositorio\ServiciosIntegrales\Comparendos\Comparendos\servicios\generales\fGestionComparendo.cs:línea 687 -||- Ubicacion error:Comparendos.servicios.generales.fGestionComparendo <#--16/01/2014 11:19:43 a.m.>

<16/01/2014 11:19:49 a.m.--#> Error: System.NullReferenceException: Referencia a objeto no establecida como instancia de un objeto.
   en Comparendos.servicios.generales.fGestionComparendo.mostrarComparendo() en D:\Desarrollo\Repositorio\ServiciosIntegrales\Comparendos\Comparendos\servicios\generales\fGestionComparendo.cs:línea 654 -||- Ubicacion error:Comparendos.servicios.generales.fGestionComparendo <#--16/01/2014 11:19:49 a.m.>

<16/01/2014 11:19:49 a.m.--#> Error: System.NullReferenceException: Referencia a objeto no establecida como instancia de un objeto.
   en Comparendos.servicios.generales.fGestionComparendo.mostrarComparendo() en D:\Desarrollo\Repositorio\ServiciosIntegrales\Comparendos\Comparendos\servicios\generales\fGestionComparendo.cs:línea 687 -||- Ubicacion error:Comparendos.servicios.generales.fGestionComparendo <#--16/01/2014 11:19:49 a.m.>

<16/01/2014 11:20:06 a.m.--#> Error: System.NullReferenceException: Referencia a objeto no establecida como instancia de un objeto.
   en Comparendos.servicios.generales.fGestionComparendo.mostrarComparendo() en D:\Desarrollo\Repositorio\ServiciosIntegrales\Comparendos\Comparendos\servicios\generales\fGestionComparendo.cs:línea 654 -||- Ubicacion error:Comparendos.servicios.generales.fGestionComparendo <#--16/01/2014 11:20:06 a.m.>

<16/01/2014 11:20:06 a.m.--#> Error: System.NullReferenceException: Referencia a objeto no establecida como instancia de un objeto.
   en Comparendos.servicios.generales.fGestionComparendo.mostrarComparendo() en D:\Desarrollo\Repositorio\ServiciosIntegrales\Comparendos\Comparendos\servicios\generales\fGestionComparendo.cs:línea 687 -||- Ubicacion error:Comparendos.servicios.generales.fGestionComparendo <#--16/01/2014 11:20:06 a.m.>

<16/01/2014 11:20:41 a.m.--#> Cierre de aplicación <#--16/01/2014 11:20:41 a.m.>

<16/01/2014 11:59:28 a.m.--#> Inicia aplicacion <#--16/01/2014 11:59:28 a.m.>

<16/01/2014 12:09:33 p.m.--#> Inicia aplicacion <#--16/01/2014 12:09:33 p.m.>

<16/01/2014 12:17:55 p.m.--#> Error: System.NullReferenceException: Referencia a objeto no establecida como instancia de un objeto.
   en Comparendos.servicios.generales.fGestionComparendo.mostrarComparendo() en D:\Desarrollo\Repositorio\ServiciosIntegrales\Comparendos\Comparendos\servicios\generales\fGestionComparendo.cs:línea 654 -||- Ubicacion error:Comparendos.servicios.generales.fGestionComparendo <#--16/01/2014 12:17:55 p.m.>

<16/01/2014 12:17:55 p.m.--#> Error: System.NullReferenceException: Referencia a objeto no establecida como instancia de un objeto.
   en Comparendos.servicios.generales.fGestionComparendo.mostrarComparendo() en D:\Desarrollo\Repositorio\ServiciosIntegrales\Comparendos\Comparendos\servicios\generales\fGestionComparendo.cs:línea 687 -||- Ubicacion error:Comparendos.servicios.generales.fGestionComparendo <#--16/01/2014 12:17:55 p.m.>

<16/01/2014 12:17:56 p.m.--#> Error: System.NullReferenceException: Referencia a objeto no establecida como instancia de un objeto.
   en Comparendos.servicios.generales.fGestionComparendo.mostrarComparendo() en D:\Desarrollo\Repositorio\ServiciosIntegrales\Comparendos\Comparendos\servicios\generales\fGestionComparendo.cs:línea 654 -||- Ubicacion error:Comparendos.servicios.generales.fGestionComparendo <#--16/01/2014 12:17:56 p.m.>

<16/01/2014 12:17:56 p.m.--#> Error: System.NullReferenceException: Referencia a objeto no establecida como instancia de un objeto.
   en Comparendos.servicios.generales.fGestionComparendo.mostrarComparendo() en D:\Desarrollo\Repositorio\ServiciosIntegrales\Comparendos\Comparendos\servicios\generales\fGestionComparendo.cs:línea 687 -||- Ubicacion error:Comparendos.servicios.generales.fGestionComparendo <#--16/01/2014 12:17:56 p.m.>

<16/01/2014 12:18:24 p.m.--#> Error: System.NullReferenceException: Referencia a objeto no establecida como instancia de un objeto.
   en Comparendos.servicios.generales.fGestionComparendo.mostrarComparendo() en D:\Desarrollo\Repositorio\ServiciosIntegrales\Comparendos\Comparendos\servicios\generales\fGestionComparendo.cs:línea 654 -||- Ubicacion error:Comparendos.servicios.generales.fGestionComparendo <#--16/01/2014 12:18:24 p.m.>

<16/01/2014 12:18:24 p.m.--#> Error: System.NullReferenceException: Referencia a objeto no establecida como instancia de un objeto.
   en Comparendos.servicios.generales.fGestionComparendo.mostrarComparendo() en D:\Desarrollo\Repositorio\ServiciosIntegrales\Comparendos\Comparendos\servicios\generales\fGestionComparendo.cs:línea 687 -||- Ubicacion error:Comparendos.servicios.generales.fGestionComparendo <#--16/01/2014 12:18:24 p.m.>

<16/01/2014 12:19:42 p.m.--#> Error: System.NullReferenceException: Referencia a objeto no establecida como instancia de un objeto.
   en Comparendos.servicios.generales.fGestionComparendo.mostrarComparendo() en D:\Desarrollo\Repositorio\ServiciosIntegrales\Comparendos\Comparendos\servicios\generales\fGestionComparendo.cs:línea 654 -||- Ubicacion error:Comparendos.servicios.generales.fGestionComparendo <#--16/01/2014 12:19:42 p.m.>

<16/01/2014 12:19:42 p.m.--#> Error: System.NullReferenceException: Referencia a objeto no establecida como instancia de un objeto.
   en Comparendos.servicios.generales.fGestionComparendo.mostrarComparendo() en D:\Desarrollo\Repositorio\ServiciosIntegrales\Comparendos\Comparendos\servicios\generales\fGestionComparendo.cs:línea 687 -||- Ubicacion error:Comparendos.servicios.generales.fGestionComparendo <#--16/01/2014 12:19:42 p.m.>

<16/01/2014 12:20:21 p.m.--#> Cierre de aplicación <#--16/01/2014 12:20:21 p.m.>

<16/01/2014 12:26:39 p.m.--#> Inicia aplicacion <#--16/01/2014 12:26:39 p.m.>

<16/01/2014 12:34:59 p.m.--#> Inicia aplicacion <#--16/01/2014 12:34:59 p.m.>

<16/01/2014 12:35:16 p.m.--#> Cancelación de ingreso a la aplicación por petición del usuario <#--16/01/2014 12:35:16 p.m.>

<16/01/2014 12:36:01 p.m.--#> Inicia aplicacion <#--16/01/2014 12:36:01 p.m.>

<16/01/2014 02:05:41 p.m.--#> Cierre de aplicación <#--16/01/2014 02:05:41 p.m.>

<16/01/2014 04:17:11 p.m.--#> Inicia aplicacion <#--16/01/2014 04:17:11 p.m.>

