<16/01/2013 09:17:33 a.m.--#> Inicia aplicacion <#--16/01/2013 09:17:33 a.m.>

<16/01/2013 09:18:20 a.m.--#> Error: System.Net.WebException: Se ha terminado la conexión: Error inesperado de recepción. ---> System.IO.IOException: No se puede escribir datos de en la conexión de transporte: Se ha forzado la interrupción de una conexión existente por el host remoto. ---> System.Net.Sockets.SocketException: Se ha forzado la interrupción de una conexión existente por el host remoto
   en System.Net.Sockets.Socket.Receive(Byte[] buffer, Int32 offset, Int32 size, SocketFlags socketFlags)
   en System.Net.Sockets.NetworkStream.Read(Byte[] buffer, Int32 offset, Int32 size)
   --- Fin del seguimiento de la pila de la excepción interna ---
   en System.Net.Sockets.NetworkStream.Read(Byte[] buffer, Int32 offset, Int32 size)
   en System.Net.PooledStream.Read(Byte[] buffer, Int32 offset, Int32 size)
   en System.Net.Connection.SyncRead(HttpWebRequest request, Boolean userRetrievedStream, Boolean probeRead)
   --- Fin del seguimiento de la pila de la excepción interna ---
   en System.Web.Services.Protocols.WebClientProtocol.GetWebResponse(WebRequest request)
   en System.Web.Services.Protocols.HttpWebClientProtocol.GetWebResponse(WebRequest request)
   en System.Web.Services.Protocols.SoapHttpClientProtocol.Invoke(String methodName, Object[] parameters)
   en LibreriasSintrat.ServiciosUsuarios.ServiciosUsuariosService.probarConexion(Boolean arg0) en D:\Desarrollo\Repositorio\TransitoCsharp\LibreriasSintrat\LibreriasSintrat\Web References\ServiciosUsuarios\Reference.cs:línea 903
   en LibreriasSintrat.forms.commons.inicio.verificarConexion() en D:\Desarrollo\Repositorio\TransitoCsharp\LibreriasSintrat\LibreriasSintrat\forms\commons\frmLogin.cs:línea 81 -||- Ubicacion error:LibreriasSintrat.forms.commons.inicio <#--16/01/2013 09:18:20 a.m.>

<16/01/2013 09:18:41 a.m.--#> Cancelación de ingreso a la aplicación por petición del usuario <#--16/01/2013 09:18:41 a.m.>

<16/01/2013 09:32:14 a.m.--#> Inicia aplicacion <#--16/01/2013 09:32:14 a.m.>

<16/01/2013 09:32:35 a.m.--#> Cierre de aplicación <#--16/01/2013 09:32:35 a.m.>

<16/01/2013 09:33:03 a.m.--#> Inicia aplicacion <#--16/01/2013 09:33:03 a.m.>

<16/01/2013 09:36:49 a.m.--#> Cierre de aplicación <#--16/01/2013 09:36:49 a.m.>

<16/01/2013 11:06:13 a.m.--#> Inicia aplicacion <#--16/01/2013 11:06:13 a.m.>

<16/01/2013 11:07:19 a.m.--#> Inicia aplicacion <#--16/01/2013 11:07:19 a.m.>

<16/01/2013 11:12:07 a.m.--#> Error: System.NullReferenceException: Referencia a objeto no establecida como instancia de un objeto.
   en Comparendos.servicios.liquidacion.LiquidacionComparendos.getTarifas() en D:\Desarrollo\Repositorio\TransitoCsharp\Comparendos\Comparendos\servicios\liquidacion\LiquidacionComparendos.cs:línea 111
   en Comparendos.servicios.liquidacion.LiquidacionComparendos.crearObjetos() en D:\Desarrollo\Repositorio\TransitoCsharp\Comparendos\Comparendos\servicios\liquidacion\LiquidacionComparendos.cs:línea 88
   en Comparendos.servicios.liquidacion.LiquidacionComparendos..ctor(usuarios usuario) en D:\Desarrollo\Repositorio\TransitoCsharp\Comparendos\Comparendos\servicios\liquidacion\LiquidacionComparendos.cs:línea 47 -||- Ubicacion error:Comparendos.servicios.liquidacion.LiquidacionComparendos <#--16/01/2013 11:12:07 a.m.>

<16/01/2013 11:12:19 a.m.--#> Error: System.NullReferenceException: Referencia a objeto no establecida como instancia de un objeto.
   en Comparendos.servicios.liquidacion.LiquidacionComparendos.getTarifas() en D:\Desarrollo\Repositorio\TransitoCsharp\Comparendos\Comparendos\servicios\liquidacion\LiquidacionComparendos.cs:línea 111
   en Comparendos.servicios.liquidacion.LiquidacionComparendos.crearObjetos() en D:\Desarrollo\Repositorio\TransitoCsharp\Comparendos\Comparendos\servicios\liquidacion\LiquidacionComparendos.cs:línea 88
   en Comparendos.servicios.liquidacion.LiquidacionComparendos..ctor(usuarios usuario) en D:\Desarrollo\Repositorio\TransitoCsharp\Comparendos\Comparendos\servicios\liquidacion\LiquidacionComparendos.cs:línea 47 -||- Ubicacion error:Comparendos.servicios.liquidacion.LiquidacionComparendos <#--16/01/2013 11:12:19 a.m.>

<16/01/2013 11:16:28 a.m.--#> Cierre de aplicación <#--16/01/2013 11:16:28 a.m.>

