Microsoft HTML Help Compiler 4.74.8702

Compiling d:\REPOSI~1\TRANSI~1\TRANSP~1\MANUAL~1\transporte-publico_tmphhp\transporte-publico.chm

GettingStarted.html
ContactingUs.html
administracion.html
roles.html
gestion-de-usuarios.html
mi-perfil.html
gestion-de-plantillas.html
crear.html
editar.html
acerca-de-gestion-cupos.html
rango-de-cupos.html
rango-por-empresa.html
registrar-cupos.html
editar-cupo.html
acerca-de-transporte.html
cambio-de-empresa.html
generar-concepto-favorable.html
desvinculacion-por-cambio-de-servicio.html
desvinculacion-por-comun-acuerdo.html
acerca-de-reportes.html
vehiculos-activos-por-empresa-de-transporte.html
generales.html
acerca-de-plantillas.html
faq.html
transporte-publico.hhc
transporte-publico.hhk
GettingStartedb1.PNG
ContactingUsb1.PNG
ContactingUsb2.PNG
ContactingUsb3.PNG
ContactingUsb4.PNG
ContactingUsb5.PNG
administracionb1.PNG
rolesb1.PNG
rolesb2.PNG
rolesb3.PNG
gestion-de-usuariosb1.PNG
gestion-de-usuariosb2.PNG
mi-perfilb1.PNG
gestión-de-plantillasb1.PNG
crearb1.PNG
editarb1.PNG
acerca-de-gestion-cuposb1.PNG
rango-de-cuposb1.PNG
rango-por-empresab1.PNG
registrar-cuposb1.PNG
editar-cupob1.PNG
acerca-de-transporteb1.PNG
cambio-de-empresab1.PNG
cambio-de-empresab2.PNG
generar-concepto-favorableb1.PNG
desvinculación-por-cambio-de-serviciob1.PNG
desvinculación-por-cambio-de-serviciob2.PNG
desvinculación-por-común-acuerdob1.PNG
acerca-de-reportesb1.PNG
vehiculos-activos-por-empresa-de-transporteb1.PNG
vehiculos-activos-por-empresa-de-transporteb2.PNG
vehiculos-activos-por-empresa-de-transporteb3.PNG
generalesb1.PNG
generalesb2.PNG
hm.css

Compile time: 0 minutes, 2 seconds
26	Topics
164	Local links
0	Internet links
34	Graphics


Created d:\REPOSI~1\TRANSI~1\TRANSP~1\MANUAL~1\transporte-publico_tmphhp\transporte-publico.chm, 786,397 bytes
Compression decreased file by 612,826 bytes.
