<24/06/2013 11:07:52 a.m.--#> Inicia aplicacion <#--24/06/2013 11:07:52 a.m.>

<24/06/2013 11:07:59 a.m.--#> Cancelación de ingreso a la aplicación por petición del usuario <#--24/06/2013 11:07:59 a.m.>

<24/06/2013 11:08:06 a.m.--#> Inicia aplicacion <#--24/06/2013 11:08:06 a.m.>

<24/06/2013 11:08:23 a.m.--#> Ingreso como usuario ID: 215 <#--24/06/2013 11:08:23 a.m.>

<24/06/2013 11:08:47 a.m.--#> Cierre de aplicación <#--24/06/2013 11:08:47 a.m.>

<24/06/2013 11:09:07 a.m.--#> Inicia aplicacion <#--24/06/2013 11:09:07 a.m.>

<24/06/2013 11:09:17 a.m.--#> Ingreso como usuario ID: 215 <#--24/06/2013 11:09:17 a.m.>

<24/06/2013 11:12:50 a.m.--#> Cierre de aplicación <#--24/06/2013 11:12:50 a.m.>

<24/06/2013 11:16:12 a.m.--#> Inicia aplicacion <#--24/06/2013 11:16:12 a.m.>

<24/06/2013 11:16:23 a.m.--#> Ingreso como usuario ID: 215 <#--24/06/2013 11:16:23 a.m.>

<24/06/2013 03:39:20 p.m.--#> Inicia aplicacion <#--24/06/2013 03:39:20 p.m.>

<24/06/2013 03:39:31 p.m.--#> Ingreso como usuario ID: 215 <#--24/06/2013 03:39:31 p.m.>

<24/06/2013 03:40:17 p.m.--#> Cierre de aplicación <#--24/06/2013 03:40:17 p.m.>

<24/06/2013 03:40:33 p.m.--#> Inicia aplicacion <#--24/06/2013 03:40:33 p.m.>

<24/06/2013 03:40:43 p.m.--#> Ingreso como usuario ID: 215 <#--24/06/2013 03:40:43 p.m.>

<24/06/2013 03:41:29 p.m.--#> Cierre de aplicación <#--24/06/2013 03:41:29 p.m.>

<24/06/2013 04:57:39 p.m.--#> Inicia aplicacion <#--24/06/2013 04:57:39 p.m.>

<24/06/2013 04:57:49 p.m.--#> Ingreso como usuario ID: 215 <#--24/06/2013 04:57:49 p.m.>

<24/06/2013 04:58:37 p.m.--#> Cierre de aplicación <#--24/06/2013 04:58:37 p.m.>

<24/06/2013 05:28:50 p.m.--#> Inicia aplicacion <#--24/06/2013 05:28:50 p.m.>

<24/06/2013 05:28:59 p.m.--#> Ingreso como usuario ID: 215 <#--24/06/2013 05:28:59 p.m.>

<24/06/2013 05:29:48 p.m.--#> Cierre de aplicación <#--24/06/2013 05:29:48 p.m.>

<24/06/2013 05:48:57 p.m.--#> Inicia aplicacion <#--24/06/2013 05:48:57 p.m.>

<24/06/2013 05:49:07 p.m.--#> Ingreso como usuario ID: 215 <#--24/06/2013 05:49:07 p.m.>

<24/06/2013 05:50:31 p.m.--#> Cierre de aplicación <#--24/06/2013 05:50:31 p.m.>

<24/06/2013 05:51:36 p.m.--#> Inicia aplicacion <#--24/06/2013 05:51:36 p.m.>

<24/06/2013 05:51:53 p.m.--#> Ingreso como usuario ID: 215 <#--24/06/2013 05:51:53 p.m.>

<24/06/2013 05:52:50 p.m.--#> Cierre de aplicación <#--24/06/2013 05:52:50 p.m.>

