<25/06/2013 08:49:27 a.m.--#> Inicia aplicacion <#--25/06/2013 08:49:27 a.m.>

<25/06/2013 08:49:40 a.m.--#> Ingreso como usuario ID: 215 <#--25/06/2013 08:49:40 a.m.>

<25/06/2013 08:50:43 a.m.--#> Cierre de aplicación <#--25/06/2013 08:50:43 a.m.>

<25/06/2013 10:17:59 a.m.--#> Inicia aplicacion <#--25/06/2013 10:17:59 a.m.>

<25/06/2013 10:18:20 a.m.--#> Ingreso como usuario ID: 215 <#--25/06/2013 10:18:20 a.m.>

<25/06/2013 10:19:39 a.m.--#> Cierre de aplicación <#--25/06/2013 10:19:39 a.m.>

<25/06/2013 10:30:40 a.m.--#> Inicia aplicacion <#--25/06/2013 10:30:40 a.m.>

<25/06/2013 10:31:02 a.m.--#> Inicia aplicacion <#--25/06/2013 10:31:02 a.m.>

<25/06/2013 10:31:38 a.m.--#> Ingreso como usuario ID: 215 <#--25/06/2013 10:31:38 a.m.>

<25/06/2013 10:48:19 a.m.--#> Inicia aplicacion <#--25/06/2013 10:48:19 a.m.>

<25/06/2013 10:48:31 a.m.--#> Ingreso como usuario ID: 215 <#--25/06/2013 10:48:31 a.m.>

<25/06/2013 10:50:08 a.m.--#> Inicia aplicacion <#--25/06/2013 10:50:08 a.m.>

<25/06/2013 10:50:17 a.m.--#> Ingreso como usuario ID: 215 <#--25/06/2013 10:50:17 a.m.>

<25/06/2013 10:53:44 a.m.--#> Inicia aplicacion <#--25/06/2013 10:53:44 a.m.>

<25/06/2013 10:53:59 a.m.--#> Ingreso como usuario ID: 215 <#--25/06/2013 10:53:59 a.m.>

<25/06/2013 10:54:53 a.m.--#> Cierre de aplicación <#--25/06/2013 10:54:53 a.m.>

<25/06/2013 10:55:48 a.m.--#> Inicia aplicacion <#--25/06/2013 10:55:48 a.m.>

<25/06/2013 10:55:57 a.m.--#> Ingreso como usuario ID: 215 <#--25/06/2013 10:55:57 a.m.>

<25/06/2013 10:56:51 a.m.--#> Cierre de aplicación <#--25/06/2013 10:56:51 a.m.>

<25/06/2013 11:00:31 a.m.--#> Inicia aplicacion <#--25/06/2013 11:00:31 a.m.>

<25/06/2013 11:00:45 a.m.--#> Ingreso como usuario ID: 215 <#--25/06/2013 11:00:45 a.m.>

<25/06/2013 11:01:27 a.m.--#> Cierre de aplicación <#--25/06/2013 11:01:27 a.m.>

<25/06/2013 11:11:09 a.m.--#> Inicia aplicacion <#--25/06/2013 11:11:09 a.m.>

<25/06/2013 11:11:20 a.m.--#> Ingreso como usuario ID: 215 <#--25/06/2013 11:11:20 a.m.>

<25/06/2013 11:12:13 a.m.--#> Cierre de aplicación <#--25/06/2013 11:12:13 a.m.>

<25/06/2013 11:33:58 a.m.--#> Inicia aplicacion <#--25/06/2013 11:33:58 a.m.>

<25/06/2013 11:34:08 a.m.--#> Ingreso como usuario ID: 215 <#--25/06/2013 11:34:08 a.m.>

<25/06/2013 11:34:42 a.m.--#> Cierre de aplicación <#--25/06/2013 11:34:42 a.m.>

<25/06/2013 11:57:00 a.m.--#> Inicia aplicacion <#--25/06/2013 11:57:00 a.m.>

<25/06/2013 11:57:10 a.m.--#> Ingreso como usuario ID: 215 <#--25/06/2013 11:57:10 a.m.>

<25/06/2013 11:58:15 a.m.--#> Cierre de aplicación <#--25/06/2013 11:58:15 a.m.>

<25/06/2013 12:01:36 p.m.--#> Inicia aplicacion <#--25/06/2013 12:01:36 p.m.>

<25/06/2013 12:01:46 p.m.--#> Ingreso como usuario ID: 215 <#--25/06/2013 12:01:46 p.m.>

<25/06/2013 12:02:45 p.m.--#> Cierre de aplicación <#--25/06/2013 12:02:45 p.m.>

<25/06/2013 12:03:27 p.m.--#> Inicia aplicacion <#--25/06/2013 12:03:27 p.m.>

<25/06/2013 12:03:40 p.m.--#> Ingreso como usuario ID: 215 <#--25/06/2013 12:03:40 p.m.>

<25/06/2013 12:04:28 p.m.--#> Cierre de aplicación <#--25/06/2013 12:04:28 p.m.>

